d:\clays\documents\graficas2\v1dx11rr\x64\debug\vc143.pdb
d:\clays\documents\graficas2\v1dx11rr\x64\debug\vc143.idb
d:\clays\documents\graficas2\v1dx11rr\x64\debug\xact3util.obj
d:\clays\documents\graficas2\v1dx11rr\x64\debug\terrenoskybill.obj
d:\clays\documents\graficas2\v1dx11rr\x64\debug\loadmodel.obj
d:\clays\documents\graficas2\x64\debug\billboard.cso
d:\clays\documents\graficas2\x64\debug\gui.cso
d:\clays\documents\graficas2\x64\debug\modelo.cso
d:\clays\documents\graficas2\x64\debug\text.cso
d:\clays\documents\graficas2\x64\debug\terrenoskybill.exe
d:\clays\documents\graficas2\x64\debug\terrenoskybill.pdb
d:\clays\documents\graficas2\v1dx11rr\x64\debug\terrenoskybill.ilk
d:\clays\documents\graficas2\v1dx11rr\x64\debug\terrenoskybill.tlog\cl.command.1.tlog
d:\clays\documents\graficas2\v1dx11rr\x64\debug\terrenoskybill.tlog\cl.items.tlog
d:\clays\documents\graficas2\v1dx11rr\x64\debug\terrenoskybill.tlog\cl.read.1.tlog
d:\clays\documents\graficas2\v1dx11rr\x64\debug\terrenoskybill.tlog\cl.write.1.tlog
d:\clays\documents\graficas2\v1dx11rr\x64\debug\terrenoskybill.tlog\fxc.command.1.tlog
d:\clays\documents\graficas2\v1dx11rr\x64\debug\terrenoskybill.tlog\fxc.read.1.tlog
d:\clays\documents\graficas2\v1dx11rr\x64\debug\terrenoskybill.tlog\fxc.write.1.tlog
d:\clays\documents\graficas2\v1dx11rr\x64\debug\terrenoskybill.tlog\link.command.1.tlog
d:\clays\documents\graficas2\v1dx11rr\x64\debug\terrenoskybill.tlog\link.read.1.tlog
d:\clays\documents\graficas2\v1dx11rr\x64\debug\terrenoskybill.tlog\link.secondary.1.tlog
d:\clays\documents\graficas2\v1dx11rr\x64\debug\terrenoskybill.tlog\link.write.1.tlog
